<?xml version="1.0" encoding="UTF-8"?>
<!-- Generated by org.testng.reporters.JUnitReportReporter -->
<testsuite hostname="DESKTOP-CMMN98B" failures="0" tests="1" name="TeatRunner.Test1" time="0.017" errors="0" timestamp="2024-01-29T10:23:46 IST" skipped="0">
  <testcase classname="TeatRunner.Test1" name="test" time="0.017"/>
  <system-out/>
</testsuite> <!-- TeatRunner.Test1 -->
